<?xml version="1.0" encoding="UTF-8" ?>
<testsuite tests="3" failures="0" name="TestSuite" time="252.331" errors="0" skipped="0">
  <properties>
    <property name="java.vendor" value="Oracle Corporation"/>
    <property name="JOB_NAME" value="TestcaseHW/TestCasesHW:TestCasesHW"/>
    <property name="sun.java.launcher" value="SUN_STANDARD"/>
    <property name="NUMBER_OF_PROCESSORS" value="4"/>
    <property name="sun.management.compiler" value="HotSpot 64-Bit Tiered Compilers"/>
    <property name="JENKINS_HOME" value="C:\Users\kirit\.jenkins"/>
    <property name="FPS_BROWSER_USER_PROFILE_STRING" value="Default"/>
    <property name="HUDSON_SERVER_COOKIE" value="5fd5e5b6d8f3a167"/>
    <property name="os.name" value="Windows 10"/>
    <property name="sun.boot.class.path" value="C:\Program Files\Java\jdk1.8.0_66\jre\lib\resources.jar;C:\Program Files\Java\jdk1.8.0_66\jre\lib\rt.jar;C:\Program Files\Java\jdk1.8.0_66\jre\lib\sunrsasign.jar;C:\Program Files\Java\jdk1.8.0_66\jre\lib\jsse.jar;C:\Program Files\Java\jdk1.8.0_66\jre\lib\jce.jar;C:\Program Files\Java\jdk1.8.0_66\jre\lib\charsets.jar;C:\Program Files\Java\jdk1.8.0_66\jre\lib\jfr.jar;C:\Program Files\Java\jdk1.8.0_66\jre\classes"/>
    <property name="EXECUTOR_NUMBER" value="1"/>
    <property name="sun.desktop" value="windows"/>
    <property name="PATHEXT" value=".COM;.EXE;.BAT;.CMD;.VBS;.VBE;.JS;.JSE;.WSF;.WSH;.MSC"/>
    <property name="java.vm.specification.vendor" value="Oracle Corporation"/>
    <property name="NODE_LABELS" value="master"/>
    <property name="TEMP" value="C:\Users\kirit\AppData\Local\Temp"/>
    <property name="java.runtime.version" value="1.8.0_66-b18"/>
    <property name="ST_INSTALL_PATH" value="C:\Program Files (x86)\HP\Unified Functional Testing\"/>
    <property name="FPS_BROWSER_APP_PROFILE_STRING" value="Internet Explorer"/>
    <property name="ANT_HOME" value="E:\software\java\apache-ant-1.9.6-bin"/>
    <property name="user.name" value="kirit"/>
    <property name="guice.disable.misplaced.annotation.check" value="true"/>
    <property name="CommonProgramW6432" value="C:\Program Files\Common Files"/>
    <property name="ProgramFiles" value="C:\Program Files"/>
    <property name="PROMPT" value="$P$G"/>
    <property name="user.language" value="en"/>
    <property name="JOB_BASE_NAME" value="TestCasesHW:TestCasesHW"/>
    <property name="RUN_CHANGES_DISPLAY_URL" value="http://localhost:8080/job/TestcaseHW/TestCasesHW$TestCasesHW/6/display/redirect?page=changes"/>
    <property name="M2" value="%M2HOME%\bin"/>
    <property name="BUILD_DISPLAY_NAME" value="#6"/>
    <property name="OneDrive" value="C:\Users\kirit\OneDrive"/>
    <property name="sun.boot.library.path" value="C:\Program Files\Java\jdk1.8.0_66\jre\bin"/>
    <property name="LOCALAPPDATA" value="C:\Users\kirit\AppData\Local"/>
    <property name="java.version" value="1.8.0_66"/>
    <property name="PROCESSOR_LEVEL" value="6"/>
    <property name="user.timezone" value="Asia/Calcutta"/>
    <property name="USERNAME" value="kirit"/>
    <property name="sun.arch.data.model" value="64"/>
    <property name="NODE_NAME" value="master"/>
    <property name="java.endorsed.dirs" value="C:\Program Files\Java\jdk1.8.0_66\jre\lib\endorsed"/>
    <property name="BUILD_ID" value="6"/>
    <property name="sun.cpu.isalist" value="amd64"/>
    <property name="sun.jnu.encoding" value="Cp1252"/>
    <property name="file.encoding.pkg" value="sun.io"/>
    <property name="file.separator" value="\"/>
    <property name="java.specification.name" value="Java Platform API Specification"/>
    <property name="HOMEDRIVE" value="C:"/>
    <property name="java.class.version" value="52.0"/>
    <property name="org.slf4j.simpleLogger.defaultLogLevel" value="info"/>
    <property name="user.country" value="IN"/>
    <property name="ALLUSERSPROFILE" value="C:\ProgramData"/>
    <property name="java.home" value="C:\Program Files\Java\jdk1.8.0_66\jre"/>
    <property name="java.vm.info" value="mixed mode"/>
    <property name="os.version" value="10.0"/>
    <property name="RUN_DISPLAY_URL" value="http://localhost:8080/job/TestcaseHW/TestCasesHW$TestCasesHW/6/display/redirect"/>
    <property name="TMP" value="C:\Users\kirit\AppData\Local\Temp"/>
    <property name="path.separator" value=";"/>
    <property name="java.vm.version" value="25.66-b18"/>
    <property name="user.variant" value=""/>
    <property name="JOB_DISPLAY_URL" value="http://localhost:8080/job/TestcaseHW/TestCasesHW$TestCasesHW/display/redirect"/>
    <property name="CommonProgramFiles(x86)" value="C:\Program Files (x86)\Common Files"/>
    <property name="USERDOMAIN_ROAMINGPROFILE" value="KIRIT"/>
    <property name="java.awt.printerjob" value="sun.awt.windows.WPrinterJob"/>
    <property name="JAVA_HOME" value="C:\Program Files\Java\jdk1.8.0_66"/>
    <property name="sun.io.unicode.encoding" value="UnicodeLittle"/>
    <property name="CommonProgramFiles" value="C:\Program Files\Common Files"/>
    <property name="ComSpec" value="C:\WINDOWS\system32\cmd.exe"/>
    <property name="HOMEPATH" value="\Users\kirit"/>
    <property name="awt.toolkit" value="sun.awt.windows.WToolkit"/>
    <property name="user.script" value=""/>
    <property name="COMPUTERNAME" value="KIRIT"/>
    <property name="asl.log" value="Destination=file"/>
    <property name="user.home" value="C:\Users\kirit"/>
    <property name="PUBLIC" value="C:\Users\Public"/>
    <property name="JENKINS_SERVER_COOKIE" value="5fd5e5b6d8f3a167"/>
    <property name="BUILD_TAG" value="jenkins-TestcaseHW-TestCasesHW:TestCasesHW-6"/>
    <property name="HUDSON_URL" value="http://localhost:8080/"/>
    <property name="ProgramData" value="C:\ProgramData"/>
    <property name="java.specification.vendor" value="Oracle Corporation"/>
    <property name="USERPROFILE" value="C:\Users\kirit"/>
    <property name="CLASSPATH" value=""/>
    <property name="java.vendor.url" value="http://java.oracle.com/"/>
    <property name="java.library.path" value="C:\Program Files\Java\jdk1.8.0_66\bin;C:\WINDOWS\Sun\Java\bin;C:\WINDOWS\system32;C:\WINDOWS;E:\software\java\apache-maven-3.3.9/bin;C:\Program Files\Java\jdk1.8.0_66/bin;C:\Program Files\Java\jdk1.8.0_66/bin;C:\ProgramData\Oracle\Java\javapath;C:\Program Files\Java\jdk1.8.0_66\bin;E:\software\java\apache-maven-3.3.9/bin;C:\WINDOWS\system32;C:\WINDOWS;C:\WINDOWS\System32\Wbem;C:\WINDOWS\System32\WindowsPowerShell\v1.0\;%ANDROID_PATH%/platform-tools;%ANDROID_PATH%/tools;C:\Program Files\Git\cmd;C:\Program Files (x86)\HP\Unified Functional Testing\bin;C:\Program Files\nodejs\;C:\Program Files (x86)\PuTTY\;C:\Program Files (x86)\SSH Communications Security\SSH Secure Shell;E:\software\java\apache-ant-1.9.6-bin\bin;%M2HOME%\bin;E:\material\ADT\adt-bundle-windows-x86_64-20140702\sdk\tools\monkeyrunner.bat;C:\Users\kirit\AppData\Local\Microsoft\WindowsApps;C:\Program Files\TestingWhiz Enterprise Edition\plugins\com.cygnet.autotest_5.2.1\libs;C:\Program Files\TestingWhiz Enterprise Edition\plugins\com.cygnet.autotest_5.2.1\libs;C:\Users\kirit\AppData\Roaming\npm;C:\Program Files (x86)\Nmap;C:\Windows\apktool;."/>
    <property name="hudson.build.number" value="6"/>
    <property name="java.vm.vendor" value="Oracle Corporation"/>
    <property name="APPDATA" value="C:\Users\kirit\AppData\Roaming"/>
    <property name="java.runtime.name" value="Java(TM) SE Runtime Environment"/>
    <property name="maven.home" value="E:\software\java\apache-maven-3.3.9"/>
    <property name="java.class.path" value="C:\Users\kirit\.jenkins\plugins\maven-plugin\WEB-INF\lib\maven33-agent-1.8.1.jar;E:\software\java\apache-maven-3.3.9\boot\plexus-classworlds-2.5.2.jar;E:\software\java\apache-maven-3.3.9/conf/logging"/>
    <property name="sun.java.command" value="jenkins.maven3.agent.Maven33Main E:\software\java\apache-maven-3.3.9 C:\Users\kirit\.jenkins\war\WEB-INF\lib\remoting-3.7.jar C:\Users\kirit\.jenkins\plugins\maven-plugin\WEB-INF\lib\maven33-interceptor-1.8.1.jar C:\Users\kirit\.jenkins\plugins\maven-plugin\WEB-INF\lib\maven3-interceptor-commons-1.8.1.jar 24215"/>
    <property name="Path" value="C:\Program Files\Java\jdk1.8.0_66/bin;C:\ProgramData\Oracle\Java\javapath;C:\Program Files\Java\jdk1.8.0_66\bin;E:\software\java\apache-maven-3.3.9/bin;C:\WINDOWS\system32;C:\WINDOWS;C:\WINDOWS\System32\Wbem;C:\WINDOWS\System32\WindowsPowerShell\v1.0\;%ANDROID_PATH%/platform-tools;%ANDROID_PATH%/tools;C:\Program Files\Git\cmd;C:\Program Files (x86)\HP\Unified Functional Testing\bin;C:\Program Files\nodejs\;C:\Program Files (x86)\PuTTY\;C:\Program Files (x86)\SSH Communications Security\SSH Secure Shell;E:\software\java\apache-ant-1.9.6-bin\bin;%M2HOME%\bin;E:\material\ADT\adt-bundle-windows-x86_64-20140702\sdk\tools\monkeyrunner.bat;C:\Users\kirit\AppData\Local\Microsoft\WindowsApps;C:\Program Files\TestingWhiz Enterprise Edition\plugins\com.cygnet.autotest_5.2.1\libs;C:\Program Files\TestingWhiz Enterprise Edition\plugins\com.cygnet.autotest_5.2.1\libs;C:\Users\kirit\AppData\Roaming\npm;C:\Program Files (x86)\Nmap;C:\Windows\apktool"/>
    <property name="PROCESSOR_ARCHITECTURE" value="AMD64"/>
    <property name="java.vm.specification.name" value="Java Virtual Machine Specification"/>
    <property name="SESSIONNAME" value="Console"/>
    <property name="PROCESSOR_IDENTIFIER" value="Intel64 Family 6 Model 60 Stepping 3, GenuineIntel"/>
    <property name="PATH+JDK" value="C:\Program Files\Java\jdk1.8.0_66/bin"/>
    <property name="java.vm.specification.version" value="1.8"/>
    <property name="sun.os.patch.level" value=""/>
    <property name="sun.cpu.endian" value="little"/>
    <property name="M2_HOME" value="E:\software\java\apache-maven-3.3.9"/>
    <property name="java.io.tmpdir" value="C:\Users\kirit\AppData\Local\Temp\"/>
    <property name="OS" value="Windows_NT"/>
    <property name="HUDSON_HOME" value="C:\Users\kirit\.jenkins"/>
    <property name="PATH+MAVEN" value="E:\software\java\apache-maven-3.3.9/bin"/>
    <property name="ProgramFiles(x86)" value="C:\Program Files (x86)"/>
    <property name="java.vendor.url.bug" value="http://bugreport.sun.com/bugreport/"/>
    <property name="BUILD_URL" value="http://localhost:8080/job/TestcaseHW/TestCasesHW$TestCasesHW/6/"/>
    <property name="java.awt.graphicsenv" value="sun.awt.Win32GraphicsEnvironment"/>
    <property name="os.arch" value="amd64"/>
    <property name="SystemRoot" value="C:\WINDOWS"/>
    <property name="java.ext.dirs" value="C:\Program Files\Java\jdk1.8.0_66\jre\lib\ext;C:\WINDOWS\Sun\Java\lib\ext"/>
    <property name="user.dir" value="C:\Jenkins"/>
    <property name="JOB_URL" value="http://localhost:8080/job/TestcaseHW/TestCasesHW$TestCasesHW/"/>
    <property name="LOGONSERVER" value="\\KIRIT"/>
    <property name="USERDOMAIN" value="KIRIT"/>
    <property name="line.separator" value="
"/>
    <property name="MAVEN_HOME" value="E:\software\java\apache-maven-3.3.9"/>
    <property name="java.vm.name" value="Java HotSpot(TM) 64-Bit Server VM"/>
    <property name="BUILD_NUMBER" value="6"/>
    <property name="ANDROID_HOME" value="E:\material\ADT\adt-bundle-windows-x86_64-20140702\sdk"/>
    <property name="JENKINS_URL" value="http://localhost:8080/"/>
    <property name="PROCESSOR_REVISION" value="3c03"/>
    <property name="ProgramW6432" value="C:\Program Files"/>
    <property name="windir" value="C:\WINDOWS"/>
    <property name="=C:" value="C:\Jenkins"/>
    <property name="SystemDrive" value="C:"/>
    <property name="file.encoding" value="Cp1252"/>
    <property name="maven3.interceptor" value="C:\Users\kirit\.jenkins\plugins\maven-plugin\WEB-INF\lib\maven33-interceptor-1.8.1.jar"/>
    <property name="WORKSPACE" value="C:\Users\kirit\workspace\TestCasesHW"/>
    <property name="maven3.interceptor.common" value="C:\Users\kirit\.jenkins\plugins\maven-plugin\WEB-INF\lib\maven3-interceptor-commons-1.8.1.jar"/>
    <property name="PSModulePath" value="C:\WINDOWS\system32\WindowsPowerShell\v1.0\Modules\"/>
    <property name="java.specification.version" value="1.8"/>
  </properties>
  <testcase classname="TestCasesHW.TestCasesHW.ChallengeCreate" name="Test" time="121.487"/>
  <testcase classname="TestCasesHW.TestCasesHW.ChallengeCreate" name="testCreateChallenge" time="42.608"/>
  <testcase classname="TestCasesHW.TestCasesHW.SignUpTest" name="testSignup" time="88.236"/>
</testsuite>