<?xml version="1.0" encoding="UTF-8"?>
<!-- Generated by org.testng.reporters.JUnitReportReporter -->
<testsuite hostname="kirit" name="TestCasesHW.TestCasesHW.ChallengeCreate" tests="2" failures="0" timestamp="2 Jun 2017 09:05:51 GMT" time="217.233" errors="0">
  <testcase name="testCreateChallenge" time="55.537" classname="TestCasesHW.TestCasesHW.ChallengeCreate"/>
  <testcase name="Test" time="161.696" classname="TestCasesHW.TestCasesHW.ChallengeCreate"/>
</testsuite> <!-- TestCasesHW.TestCasesHW.ChallengeCreate -->
