<?xml version="1.0" encoding="UTF-8"?>
<!-- Generated by org.testng.reporters.JUnitReportReporter -->
<testsuite hostname="kirit" name="TestCasesHW.TestCasesHW.SignUpTest" tests="1" failures="0" timestamp="5 Jun 2017 05:31:40 GMT" time="88.236" errors="0">
  <testcase name="testSignup" time="88.236" classname="TestCasesHW.TestCasesHW.SignUpTest"/>
</testsuite> <!-- TestCasesHW.TestCasesHW.SignUpTest -->
