<?xml version="1.0" encoding="UTF-8"?>
<!-- Generated by org.testng.reporters.JUnitReportReporter -->
<testsuite hostname="kirit" name="TestCasesHW.TestCasesHW.ChallengeCreate" tests="2" failures="0" timestamp="5 Jun 2017 05:31:40 GMT" time="164.103" errors="0">
  <testcase name="Test" time="121.485" classname="TestCasesHW.TestCasesHW.ChallengeCreate"/>
  <testcase name="testCreateChallenge" time="42.618" classname="TestCasesHW.TestCasesHW.ChallengeCreate"/>
</testsuite> <!-- TestCasesHW.TestCasesHW.ChallengeCreate -->
